<?xml version="1.0" encoding="UTF-8"?>
<!-- Generated by org.testng.reporters.JUnitXMLReporter -->
<testsuite ignored="0" hostname="HARISH" failures="1" tests="2" name="Default test" time="11.395" errors="0" timestamp="13 Oct 2020 06:52:21 GMT">
  <testcase classname="amazeAutomatePack.VeirfyParallelTest" name="chrometest" time="2.21">
    <failure type="org.openqa.selenium.SessionNotCreatedException" message="session not created: This version of ChromeDriver only supports Chrome version 83
Build info: version: &amp;apos;3.141.59&amp;apos;, revision: &amp;apos;e82be7d358&amp;apos;, time: &amp;apos;2018-11-14T08:17:03&amp;apos;
System info: host: &amp;apos;HARISH&amp;apos;, ip: &amp;apos;192.168.0.8&amp;apos;, os.name: &amp;apos;Windows 10&amp;apos;, os.arch: &amp;apos;amd64&amp;apos;, os.version: &amp;apos;10.0&amp;apos;, java.version: &amp;apos;13.0.2&amp;apos;
Driver info: driver.version: ChromeDriver
remote stacktrace: Backtrace:
	Ordinal0 [0x00B39563+2725219]
	Ordinal0 [0x00A38551+1672529]
	Ordinal0 [0x00920359+525145]
	Ordinal0 [0x008B0B77+68471]
	Ordinal0 [0x008AD32C+54060]
	Ordinal0 [0x008CCC37+183351]
	Ordinal0 [0x008CCA3D+182845]
	Ordinal0 [0x008CA94B+174411]
	Ordinal0 [0x008B2528+75048]
	Ordinal0 [0x008B35A0+79264]
	Ordinal0 [0x008B3539+79161]
	Ordinal0 [0x00A4D607+1758727]
	GetHandleVerifier [0x00C56546+1050150]
	GetHandleVerifier [0x00C56291+1049457]
	GetHandleVerifier [0x00C610D7+1094071]
	GetHandleVerifier [0x00C56B46+1051686]
	Ordinal0 [0x00A45B06+1727238]
	Ordinal0 [0x00A4EB7B+1764219]
	Ordinal0 [0x00A4ECE3+1764579]
	Ordinal0 [0x00A64C05+1854469]
	BaseThreadInitThunk [0x754638F4+36]
	RtlUnicodeStringToInteger [0x77765DE3+595]
	RtlUnicodeStringToInteger [0x77765DAE+542]
">
      <![CDATA[org.openqa.selenium.SessionNotCreatedException: session not created: This version of ChromeDriver only supports Chrome version 83
Build info: version: '3.141.59', revision: 'e82be7d358', time: '2018-11-14T08:17:03'
System info: host: 'HARISH', ip: '192.168.0.8', os.name: 'Windows 10', os.arch: 'amd64', os.version: '10.0', java.version: '13.0.2'
Driver info: driver.version: ChromeDriver
remote stacktrace: Backtrace:
Ordinal0 [0x00B39563+2725219]
Ordinal0 [0x00A38551+1672529]
Ordinal0 [0x00920359+525145]
Ordinal0 [0x008B0B77+68471]
Ordinal0 [0x008AD32C+54060]
Ordinal0 [0x008CCC37+183351]
Ordinal0 [0x008CCA3D+182845]
Ordinal0 [0x008CA94B+174411]
Ordinal0 [0x008B2528+75048]
Ordinal0 [0x008B35A0+79264]
Ordinal0 [0x008B3539+79161]
Ordinal0 [0x00A4D607+1758727]
GetHandleVerifier [0x00C56546+1050150]
GetHandleVerifier [0x00C56291+1049457]
GetHandleVerifier [0x00C610D7+1094071]
GetHandleVerifier [0x00C56B46+1051686]
Ordinal0 [0x00A45B06+1727238]
Ordinal0 [0x00A4EB7B+1764219]
Ordinal0 [0x00A4ECE3+1764579]
Ordinal0 [0x00A64C05+1854469]
BaseThreadInitThunk [0x754638F4+36]
RtlUnicodeStringToInteger [0x77765DE3+595]
RtlUnicodeStringToInteger [0x77765DAE+542]

at java.base/jdk.internal.reflect.NativeConstructorAccessorImpl.newInstance0(Native Method)
at java.base/jdk.internal.reflect.NativeConstructorAccessorImpl.newInstance(NativeConstructorAccessorImpl.java:62)
at java.base/jdk.internal.reflect.DelegatingConstructorAccessorImpl.newInstance(DelegatingConstructorAccessorImpl.java:45)
at java.base/java.lang.reflect.Constructor.newInstanceWithCaller(Constructor.java:500)
at java.base/java.lang.reflect.Constructor.newInstance(Constructor.java:481)
at org.openqa.selenium.remote.W3CHandshakeResponse.lambda$errorHandler$0(W3CHandshakeResponse.java:62)
at org.openqa.selenium.remote.HandshakeResponse.lambda$getResponseFunction$0(HandshakeResponse.java:30)
at org.openqa.selenium.remote.ProtocolHandshake.lambda$createSession$0(ProtocolHandshake.java:126)
at java.base/java.util.stream.ReferencePipeline$3$1.accept(ReferencePipeline.java:195)
at java.base/java.util.Spliterators$ArraySpliterator.tryAdvance(Spliterators.java:958)
at java.base/java.util.stream.ReferencePipeline.forEachWithCancel(ReferencePipeline.java:127)
at java.base/java.util.stream.AbstractPipeline.copyIntoWithCancel(AbstractPipeline.java:502)
at java.base/java.util.stream.AbstractPipeline.copyInto(AbstractPipeline.java:488)
at java.base/java.util.stream.AbstractPipeline.wrapAndCopyInto(AbstractPipeline.java:474)
at java.base/java.util.stream.FindOps$FindOp.evaluateSequential(FindOps.java:150)
at java.base/java.util.stream.AbstractPipeline.evaluate(AbstractPipeline.java:234)
at java.base/java.util.stream.ReferencePipeline.findFirst(ReferencePipeline.java:543)
at org.openqa.selenium.remote.ProtocolHandshake.createSession(ProtocolHandshake.java:128)
at org.openqa.selenium.remote.ProtocolHandshake.createSession(ProtocolHandshake.java:74)
at org.openqa.selenium.remote.HttpCommandExecutor.execute(HttpCommandExecutor.java:136)
at org.openqa.selenium.remote.service.DriverCommandExecutor.execute(DriverCommandExecutor.java:83)
at org.openqa.selenium.remote.RemoteWebDriver.execute(RemoteWebDriver.java:552)
at org.openqa.selenium.remote.RemoteWebDriver.startSession(RemoteWebDriver.java:213)
at org.openqa.selenium.remote.RemoteWebDriver.<init>(RemoteWebDriver.java:131)
at org.openqa.selenium.chrome.ChromeDriver.<init>(ChromeDriver.java:181)
at org.openqa.selenium.chrome.ChromeDriver.<init>(ChromeDriver.java:168)
at org.openqa.selenium.chrome.ChromeDriver.<init>(ChromeDriver.java:123)
at amazeAutomatePack.VeirfyParallelTest.chrometest(VeirfyParallelTest.java:15)
at java.base/jdk.internal.reflect.NativeMethodAccessorImpl.invoke0(Native Method)
at java.base/jdk.internal.reflect.NativeMethodAccessorImpl.invoke(NativeMethodAccessorImpl.java:62)
at java.base/jdk.internal.reflect.DelegatingMethodAccessorImpl.invoke(DelegatingMethodAccessorImpl.java:43)
at java.base/java.lang.reflect.Method.invoke(Method.java:567)
at org.testng.internal.MethodInvocationHelper.invokeMethod(MethodInvocationHelper.java:124)
at org.testng.internal.Invoker.invokeMethod(Invoker.java:583)
at org.testng.internal.Invoker.invokeTestMethod(Invoker.java:719)
at org.testng.internal.Invoker.invokeTestMethods(Invoker.java:989)
at org.testng.internal.TestMethodWorker.invokeTestMethods(TestMethodWorker.java:125)
at org.testng.internal.TestMethodWorker.run(TestMethodWorker.java:109)
at org.testng.TestRunner.privateRun(TestRunner.java:648)
at org.testng.TestRunner.run(TestRunner.java:505)
at org.testng.SuiteRunner.runTest(SuiteRunner.java:455)
at org.testng.SuiteRunner.runSequentially(SuiteRunner.java:450)
at org.testng.SuiteRunner.privateRun(SuiteRunner.java:415)
at org.testng.SuiteRunner.run(SuiteRunner.java:364)
at org.testng.SuiteRunnerWorker.runSuite(SuiteRunnerWorker.java:52)
at org.testng.SuiteRunnerWorker.run(SuiteRunnerWorker.java:84)
at org.testng.TestNG.runSuitesSequentially(TestNG.java:1208)
at org.testng.TestNG.runSuitesLocally(TestNG.java:1137)
at org.testng.TestNG.runSuites(TestNG.java:1049)
at org.testng.TestNG.run(TestNG.java:1017)
at org.testng.remote.AbstractRemoteTestNG.run(AbstractRemoteTestNG.java:115)
at org.testng.remote.RemoteTestNG.initAndRun(RemoteTestNG.java:251)
at org.testng.remote.RemoteTestNG.main(RemoteTestNG.java:77)
]]>
    </failure>
  </testcase> <!-- chrometest -->
  <testcase classname="amazeAutomatePack.VeirfyParallelTest" name="fireforxtest" time="9.115"/>
</testsuite> <!-- Default test -->
